<?xml version="1.0" encoding="UTF-8"?>
<testsuite xmlns:xsi="http://www.w3.org/2001/XMLSchema-instance" xsi:noNamespaceSchemaLocation="https://maven.apache.org/surefire/maven-surefire-plugin/xsd/surefire-test-report-3.0.xsd" version="3.0" name="com.javawhizz.stripePayment.StripePaymentApplicationTests" time="1.245" tests="1" errors="0" skipped="0" failures="0">
  <properties>
[...]
</properties>
  <testcase name="contextLoads" classname="com.javawhizz.stripePayment.StripePaymentApplicationTests" time="0.407">
    <system-out><![CDATA[12:57:26.726 [main] INFO org.springframework.test.context.support.AnnotationConfigContextLoaderUtils -- Could not detect default configuration classes for test class [com.javawhizz.stripePayment.StripePaymentApplicationTests]: StripePaymentApplicationTests does not declare any static, non-private, non-final, nested classes annotated with @Configuration.
12:57:26.765 [main] INFO org.springframework.boot.test.context.SpringBootTestContextBootstrapper -- Found @SpringBootConfiguration com.javawhizz.stripePayment.StripePaymentApplication for test class com.javawhizz.stripePayment.StripePaymentApplicationTests

  .   ____          _            __ _ _
 /\\ / ___'_ __ _ _(_)_ __  __ _ \ \ \ \
( ( )\___ | '_ | '_| | '_ \/ _` | \ \ \ \
 \\/  ___)| |_)| | | | | || (_| |  ) ) ) )
  '  |____| .__|_| |_|_| |_\__, | / / / /
 =========|_|==============|___/=/_/_/_/
 :: Spring Boot ::                (v3.1.2)

2024-06-16T12:57:26.913-03:00  INFO 10635 --- [           main] c.j.s.StripePaymentApplicationTests      : Starting StripePaymentApplicationTests using Java 17.0.11 with PID 10635 (started by rayanaribeirobonfanti in /Users/rayanaribeirobonfanti/Documents/projects github/stripe-spring-boot-jenkins)
2024-06-16T12:57:26.914-03:00  INFO 10635 --- [           main] c.j.s.StripePaymentApplicationTests      : No active profile set, falling back to 1 default profile: "default"
2024-06-16T12:57:27.402-03:00  INFO 10635 --- [           main] o.s.b.a.w.s.WelcomePageHandlerMapping    : Adding welcome page template: index
2024-06-16T12:57:27.490-03:00  INFO 10635 --- [           main] c.j.s.StripePaymentApplicationTests      : Started StripePaymentApplicationTests in 0.676 seconds (process running for 1.058)
]]></system-out>
  </testcase>
</testsuite>